<?xml version="1.0" encoding="UTF-8"?>
<!-- Generated by org.testng.reporters.JUnitReportReporter -->
<testsuite hostname="MaÃ©va" failures="0" tests="1" name="runner.TestRunner" time="1.353" errors="0" timestamp="2024-03-20T11:43:53 WAT" skipped="0">
  <testcase classname="runner.TestRunner" name="runScenario" time="1.353"/>
</testsuite> <!-- runner.TestRunner -->
